make all --print-data-base --no-builtin-variables --no-builtin-rules --question
# GNU Make 3.81
# Copyright (C) 2006  Free Software Foundation, Inc.
# This is free software; see the source for copying conditions.
# There is NO warranty; not even for MERCHANTABILITY or FITNESS FOR A
# PARTICULAR PURPOSE.

# This program built for i386-apple-darwin11.3.0
 

# Make data base, printed on Tue Jul 26 07:54:18 2022

# Variables

# automatic
<D = $(patsubst %/,%,$(dir $<))
# automatic
?F = $(notdir $?)
# environment
VIRTUALENVWRAPPER_PROJECT_FILENAME = .project
# environment
ELECTRON_NO_ATTACH_CONSOLE = 1
# environment
PROVIDE_FULLSTACK_ACTION = true
# environment
FIG_WORKFLOWS_KEYBIND = ^f
# automatic
?D = $(patsubst %/,%,$(dir $?))
# automatic
@D = $(patsubst %/,%,$(dir $@))
# automatic
@F = $(notdir $@)
# makefile
CURDIR := /Users/tok/Dropbox/repos/agnosticd/repo/agnosticd/ansible/configs/ent-demo-ate-base
# makefile
SHELL = /bin/sh
# environment
VSCODE_NLS_CONFIG = {"locale":"en-us","availableLanguages":{},"_languagePackSupport":true}
# environment
_ = /usr/bin/make
# makefile (from `Makefile', line 1)
MAKEFILE_LIST :=  Makefile
# environment
__CFBundleIdentifier = com.microsoft.VSCode
# environment
INFOPATH = /opt/homebrew/share/info:/opt/homebrew/share/info:
# environment
P9K_SSH = 0
# environment
LESSOPEN = |  %s
# environment
VSCODE_CWD = /Users/tok/Dropbox/repos/agnosticd/repo/agnosticd/ansible/configs/ent-demo-ate-base
# environment
NO_PROXY = 172.30.1.1
# environment
LSCOLORS = Gxfxcxdxbxegedabagacad
# environment
GOLANG_EXECUTABLE = go
# environment
VSCODE_HANDLES_UNCAUGHT_ERRORS = true
# environment
THREE_SCALE_USER_TOKEN = 207c527cfc2a6b8dcf4fa43ad7a976da
# environment
VIRTUALENVWRAPPER_PYTHON = /opt/homebrew/bin/python3
# environment
ELECTRON_RUN_AS_NODE = 1
# default
.FEATURES := target-specific order-only second-expansion else-if archives jobserver check-symlink
# environment
CDPATH = .:/Users/tok/repos/:/Users/tok/Dropbox/red_hat/ansible:/Users/tok/Dropbox
# environment
UUID = 1227251d-5ff2-42cf-a5d3-da2ed88ae747
# environment
VIRTUALENVWRAPPER_HOOK_DIR = /Users/tok/virtual-envs
# environment
SSH_AUTH_SOCK = /private/tmp/com.apple.launchd.IBebCrULMi/Listeners
# automatic
%F = $(notdir $%)
# environment
TTY = /dev/ttys008
# environment
TMUX_PANE = %1
# environment
FIG_PID = 94015
# environment
PWD = /Users/tok/repos/agnosticd/repo/agnosticd/ansible/configs/ent-demo-ate-base
# environment
MYKEY = /Users/tok/.ssh/id_rsa
# environment
PROJECT_HOME = /Users/tok/google/courses/ansible
# environment
HOMEBREW_CELLAR = /opt/homebrew/Cellar
# environment
ORIGINAL_XDG_CURRENT_DESKTOP = undefined
# environment
MANPATH = /opt/homebrew/share/man:/usr/share/man:/usr/local/share/man:/Library/TeX/Distributions/.DefaultTeX/Contents/Man:/Applications/Wireshark.app/Contents/Resources/share/man:/opt/homebrew/share/man:
# environment
VSCODE_AMD_ENTRYPOINT = vs/workbench/api/node/extensionHostProcess
# environment
HOME = /Users/tok
# default
MAKEFILEPATH = $(shell /usr/bin/xcode-select -print-path 2>/dev/null || echo /Developer)/Makefiles
# environment
VSCODE_CLI = 1
# environment
VSCODE_CODE_CACHE_PATH = /Users/tok/Library/Application Support/Code/CachedData/3b889b090b5ad5793f524b5d1d39fda662b96a2a
# environment
LOGNAME = tok
# environment
APPLICATION_INSIGHTS_NO_DIAGNOSTIC_CHANNEL = true
# environment
TELEMETRY_ID = dda19866-7eb5-4d4a-a5e3-a183fb534a22
# environment
ZSH = /Users/tok/.oh-my-zsh
# environment
WORKON_HOME = /Users/tok/virtual-envs
# automatic
^D = $(patsubst %/,%,$(dir $^))
# makefile (from `Makefile', line 2)
OUTPUT_DIR = /tmp/output_dir
# environment
XPC_FLAGS = 0x0
# environment
COLORTERM = truecolor
# default
MAKE = $(MAKE_COMMAND)
# environment
LC_TERMINAL = iTerm2
# environment
PATH = /Users/tok/.cargo/bin:/Users/tok/bin:/opt/homebrew/bin:/opt/homebrew/sbin:/usr/local/bin:/usr/bin:/bin:/usr/sbin:/sbin:/Users/tok/.fig/bin:/Users/tok/.local/bin
# environment
SHLVL = 4
# environment
VIMDATA = /Users/tok/.local/share/nvim
# default
MAKE_VERSION := 3.81
# environment
USER = tok
# environment
FIG_TERM_VERSION = 4.4.1
# default
MAKECMDGOALS := all
# environment
TERM_SESSION_ID = 70C2F8BE-24D2-482E-B99A-97D8DABB3EDE
# environment
LESS = -R
# automatic
%D = $(patsubst %/,%,$(dir $%))
# environment
FIG_INTEGRATION_VERSION = 8
# environment
VIMCONFIG = /Users/tok/.config/nvim
# default
MAKE_COMMAND := /Library/Developer/CommandLineTools/usr/bin/make
# environment
UTM_SOURCE = vscode
# environment
TERM_PROGRAM = tmux
# default
.VARIABLES := 
# environment
TMPDIR = /var/folders/pc/q5gttydd0cngkpyb74_cj5_80000gn/T/
# automatic
*F = $(notdir $*)
# environment
VSCODE_IPC_HOOK = /Users/tok/Library/Application Support/Code/1.69.2-main.sock
# environment
MallocNanoZone = 0
# makefile
MAKEFLAGS = Rrqp
# environment
MFLAGS = -Rrqp
# automatic
*D = $(patsubst %/,%,$(dir $*))
# environment
TERM_PROGRAM_VERSION = 3.2a
# environment
FIG_TERM_TMUX = 1
# environment
XPC_SERVICE_NAME = application.com.microsoft.VSCode.170677484.170677491.19935599-882A-45D2-BE07-23DE1A40CE75
# environment
FIG_TERM = 1
# environment
LC_TERMINAL_VERSION = 3.4.16
# environment
HOMEBREW_PREFIX = /opt/homebrew
# automatic
+D = $(patsubst %/,%,$(dir $+))
# environment
TMUX = /private/tmp/tmux-501/default,93791,1
# environment
RECOMMENDER_API_URL = https://gw.api.openshift.io//api/v2
# automatic
+F = $(notdir $+)
# environment
ITERM_SESSION_ID = w0t0p0:117F8EB4-259F-4493-8B97-5E3311563764
# environment
HOMEBREW_REPOSITORY = /opt/homebrew
# environment
COLORFGBG = 15;0
# environment
__CF_USER_TEXT_ENCODING = 0x1F5:0x0:0x0
# environment
COMMAND_MODE = unix2003
# default
MAKEFILES := 
# environment
VIRTUALENVWRAPPER_WORKON_CD = 1
# automatic
<F = $(notdir $<)
# environment
ITERM_PROFILE = 1920x1080 Optimized - Bluloco
# environment
VIRTUALENVWRAPPER_SCRIPT = /opt/homebrew/bin/virtualenvwrapper.sh
# environment
PAGER = less
# environment
LC_ALL = C
# environment
P9K_TTY = old
# automatic
^F = $(notdir $^)
# environment
MYUSER = ankay-redhat.com
# default
SUFFIXES := 
# makefile (from `Makefile', line 1)
GUID = ate-01
# default
.INCLUDE_DIRS = /usr/local/include
# environment
MAKELEVEL := 0
# makefile
.DEFAULT_GOAL := help
# environment
LANG = C
# environment
TERM = screen-256color
# environment
_P9K_TTY = /dev/ttys008
# environment
VSCODE_PID = 94291
# variable set hash-table stats:
# Load=114/1024=11%, Rehash=0, Collisions=10/138=7%

# Pattern-specific Variable Values

# No pattern-specific variable values.

# Directories

# . (device 16777232, inode 172418003): 23 files, no impossibilities.

# 23 files, no impossibilities in 1 directories.

# Implicit Rules

# No implicit rules.

# Files

stop:
#  Implicit rule search has not been done.
#  Modification time never checked.
#  File has not been updated.

# Not a target:
all:
#  Command-line target.
#  Implicit rule search has been done.
#  File does not exist.
#  File has not been updated.
# variable set hash-table stats:
# Load=0/32=0%, Rehash=0, Collisions=0/0=0%

status:
#  Implicit rule search has not been done.
#  Modification time never checked.
#  File has not been updated.
#  commands to execute (from `Makefile', line 47):
	ansible-playbook ansible/lifecycle_entry_point.yml \
	-e ACTION=status \
	-e @~/secrets/secret-aws-ate.yml \
	-e env_type=ent-demo-automate-the-enterprise \
	-e guid=$(GUID)
	

# Not a target:
.SUFFIXES:
#  Implicit rule search has not been done.
#  Modification time never checked.
#  File has not been updated.

# Not a target:
Makefile:
#  Implicit rule search has been done.
#  Last modified 2022-07-26 07:53:43
#  File has been updated.
#  Successfully updated.
# variable set hash-table stats:
# Load=0/32=0%, Rehash=0, Collisions=0/0=0%

last-status:
#  Implicit rule search has not been done.
#  Modification time never checked.
#  File has not been updated.
#  commands to execute (from `Makefile', line 39):
	ls -l $(OUTPUT_DIR)/$(GUID)-status.txt
	cat $(OUTPUT_DIR)/$(GUID)-status.txt
	

help:
#  Implicit rule search has not been done.
#  Modification time never checked.
#  File has not been updated.
#  commands to execute (from `Makefile', line 11):
	@egrep -h '\s##\s' $(MAKEFILE_LIST) | awk 'BEGIN {FS = ":.*?## "}; {printf "\033[36m%-20s\033[0m %s\n", $$1, $$2}'
	

# Not a target:
.DEFAULT:
#  Implicit rule search has not been done.
#  Modification time never checked.
#  File has not been updated.

ssh-bastion:
#  Implicit rule search has not been done.
#  Modification time never checked.
#  File has not been updated.
 
make: *** No rule to make target `all'.  Stop.

#  commands to execute (from `Makefile', line 34):
	ssh -F $(OUTPUT_DIR)/ent-demo-automate-the-enterprise_ate-01_ssh_conf bastion
	

destroy:
#  Implicit rule search has not been done.
#  Modification time never checked.
#  File has not been updated.
#  commands to execute (from `Makefile', line 27):
	ansible-playbook ansible/destroy.yml \
	-e @~/secrets/secret-aws-ate-no-sandbox.yml \
	-e env_type=ent-demo-automate-the-enterprise \
	-e guid=$(GUID)
	

deploy:
#  Implicit rule search has not been done.
#  Modification time never checked.
#  File has not been updated.
#  commands to execute (from `Makefile', line 19):
	ansible-playbook ansible/main.yml \
	-e @~/secrets/secret-aws-ate-no-sandbox.yml \
	-e env_type=ent-demo-automate-the-enterprise \
	-e guid=$(GUID)
	

# files hash-table stats:
# Load=11/1024=1%, Rehash=0, Collisions=0/35=0%
# VPATH Search Paths

# No `vpath' search paths.

# No general (`VPATH' variable) search path.

# # of strings in strcache: 1
# # of strcache buffers: 1
# strcache size: total = 4096 / max = 4096 / min = 4096 / avg = 4096
# strcache free: total = 4087 / max = 4087 / min = 4087 / avg = 4087

# Finished Make data base on Tue Jul 26 07:54:18 2022

 
