2016-08-17 11:56:35,811: connectionpool.py    INFO     Starting new HTTPS connection (1): cloud.ravellosystems.com
2016-08-17 11:56:37,021: app_create.py        ERROR    Blueprint None not found
2016-08-17 11:57:07,366: connectionpool.py    INFO     Starting new HTTPS connection (1): cloud.ravellosystems.com
2016-08-17 11:57:09,105: app_create.py        ERROR    Blueprint None not found
2016-08-17 11:57:38,859: connectionpool.py    INFO     Starting new HTTPS connection (1): cloud.ravellosystems.com
2016-08-17 11:57:40,633: app_create.py        ERROR    Blueprint OPTLC-OSP8_Director-v0.19-bp not found
2016-08-17 11:57:53,488: connectionpool.py    INFO     Starting new HTTPS connection (1): cloud.ravellosystems.com
2016-08-17 11:57:54,822: app_create.py        ERROR    Blueprint OPTLC-OSP8_Director-v0.19-bp not found
2016-08-17 11:59:12,400: connectionpool.py    INFO     Starting new HTTPS connection (1): cloud.ravellosystems.com
2016-08-17 11:59:13,907: app_create.py        INFO     Creating a new application test12345
2016-08-17 12:01:21,254: connectionpool.py    INFO     Starting new HTTPS connection (1): cloud.ravellosystems.com
2016-08-17 13:01:15,539: connectionpool.py    INFO     Starting new HTTPS connection (1): cloud.ravellosystems.com
2016-08-17 13:01:16,722: app_create.py        INFO     Creating a new application test001
2016-08-17 13:04:11,172: connectionpool.py    INFO     Starting new HTTPS connection (1): cloud.ravellosystems.com
2016-08-17 13:04:12,456: app-create           INFO     Creating a new application test002
2016-08-17 13:04:38,288: connectionpool.py    INFO     Starting new HTTPS connection (1): cloud.ravellosystems.com
2016-08-17 13:04:44,532: connectionpool.py    INFO     Starting new HTTPS connection (1): cloud.ravellosystems.com
2016-08-17 13:04:45,863: app-create           ERROR    Blueprint None not found
2016-08-17 13:08:56,647: connectionpool.py    INFO     Starting new HTTPS connection (1): cloud.ravellosystems.com
2016-08-17 13:08:58,860: app-create           INFO     Creating a new application test003
